# JRE version: Java(TM) SE Runtime Environment (8.0_231-b11) (build 1.8.0_231-b11)
# Java VM: Java HotSpot(TM) 64-Bit Server VM (25.231-b11 mixed mode windows-amd64 compressed oops)
Heap:
 PSYoungGen      total 139264K, used 23373K [0x00000000d5900000, 0x00000000e0900000, 0x0000000100000000)
  eden space 130560K, 11% used [0x00000000d5900000,0x00000000d67a8080,0x00000000dd880000)
  from space 8704K, 96% used [0x00000000dd880000,0x00000000de0ab468,0x00000000de100000)
  to   space 9216K, 0% used [0x00000000e0000000,0x00000000e0000000,0x00000000e0900000)
 ParOldGen       total 55808K, used 6197K [0x0000000080a00000, 0x0000000084080000, 0x00000000d5900000)
  object space 55808K, 11% used [0x0000000080a00000,0x000000008100d480,0x0000000084080000)
 Metaspace       used 29107K, capacity 31402K, committed 31744K, reserved 1077248K
  class space    used 3870K, capacity 4263K, committed 4352K, reserved 1048576K
GC Heap History (10 events):
Event: 1.909 GC heap before
{Heap before GC invocations=4 (full 0):
 PSYoungGen      total 38400K, used 38369K [0x00000000d5900000, 0x00000000da400000, 0x0000000100000000)
  eden space 33280K, 100% used [0x00000000d5900000,0x00000000d7980000,0x00000000d7980000)
  from space 5120K, 99% used [0x00000000d7980000,0x00000000d7e785a0,0x00000000d7e80000)
  to   space 5120K, 0% used [0x00000000d9f00000,0x00000000d9f00000,0x00000000da400000)
 ParOldGen       total 87552K, used 2980K [0x0000000080a00000, 0x0000000085f80000, 0x00000000d5900000)
  object space 87552K, 3% used [0x0000000080a00000,0x0000000080ce9090,0x0000000085f80000)
 Metaspace       used 18999K, capacity 20648K, committed 20864K, reserved 1067008K
  class space    used 2505K, capacity 2824K, committed 2944K, reserved 1048576K
Event: 1.914 GC heap after
Heap after GC invocations=4 (full 0):
 PSYoungGen      total 71680K, used 5096K [0x00000000d5900000, 0x00000000da400000, 0x0000000100000000)
  eden space 66560K, 0% used [0x00000000d5900000,0x00000000d5900000,0x00000000d9a00000)
  from space 5120K, 99% used [0x00000000d9f00000,0x00000000da3fa040,0x00000000da400000)
  to   space 5120K, 0% used [0x00000000d9a00000,0x00000000d9a00000,0x00000000d9f00000)
 ParOldGen       total 87552K, used 5636K [0x0000000080a00000, 0x0000000085f80000, 0x00000000d5900000)
  object space 87552K, 6% used [0x0000000080a00000,0x0000000080f81348,0x0000000085f80000)
 Metaspace       used 18999K, capacity 20648K, committed 20864K, reserved 1067008K
  class space    used 2505K, capacity 2824K, committed 2944K, reserved 1048576K
}
Event: 1.990 GC heap before
{Heap before GC invocations=5 (full 0):
 PSYoungGen      total 71680K, used 17629K [0x00000000d5900000, 0x00000000da400000, 0x0000000100000000)
  eden space 66560K, 18% used [0x00000000d5900000,0x00000000d653d528,0x00000000d9a00000)
  from space 5120K, 99% used [0x00000000d9f00000,0x00000000da3fa040,0x00000000da400000)
  to   space 5120K, 0% used [0x00000000d9a00000,0x00000000d9a00000,0x00000000d9f00000)
 ParOldGen       total 87552K, used 5636K [0x0000000080a00000, 0x0000000085f80000, 0x00000000d5900000)
  object space 87552K, 6% used [0x0000000080a00000,0x0000000080f81348,0x0000000085f80000)
 Metaspace       used 19581K, capacity 21226K, committed 21296K, reserved 1067008K
  class space    used 2570K, capacity 2897K, committed 2944K, reserved 1048576K
Event: 1.995 GC heap after
Heap after GC invocations=5 (full 0):
 PSYoungGen      total 71680K, used 5116K [0x00000000d5900000, 0x00000000dec00000, 0x0000000100000000)
  eden space 66560K, 0% used [0x00000000d5900000,0x00000000d5900000,0x00000000d9a00000)
  from space 5120K, 99% used [0x00000000d9a00000,0x00000000d9eff070,0x00000000d9f00000)
  to   space 8704K, 0% used [0x00000000de380000,0x00000000de380000,0x00000000dec00000)
 ParOldGen       total 87552K, used 5971K [0x0000000080a00000, 0x0000000085f80000, 0x00000000d5900000)
  object space 87552K, 6% used [0x0000000080a00000,0x0000000080fd4e30,0x0000000085f80000)
 Metaspace       used 19581K, capacity 21226K, committed 21296K, reserved 1067008K
  class space    used 2570K, capacity 2897K, committed 2944K, reserved 1048576K
}
Event: 1.995 GC heap before
{Heap before GC invocations=6 (full 1):
 PSYoungGen      total 71680K, used 5116K [0x00000000d5900000, 0x00000000dec00000, 0x0000000100000000)
  eden space 66560K, 0% used [0x00000000d5900000,0x00000000d5900000,0x00000000d9a00000)
  from space 5120K, 99% used [0x00000000d9a00000,0x00000000d9eff070,0x00000000d9f00000)
  to   space 8704K, 0% used [0x00000000de380000,0x00000000de380000,0x00000000dec00000)
 ParOldGen       total 87552K, used 5971K [0x0000000080a00000, 0x0000000085f80000, 0x00000000d5900000)
  object space 87552K, 6% used [0x0000000080a00000,0x0000000080fd4e30,0x0000000085f80000)
 Metaspace       used 19581K, capacity 21226K, committed 21296K, reserved 1067008K
  class space    used 2570K, capacity 2897K, committed 2944K, reserved 1048576K
Event: 2.021 GC heap after
Heap after GC invocations=6 (full 1):
 PSYoungGen      total 71680K, used 0K [0x00000000d5900000, 0x00000000dec00000, 0x0000000100000000)
  eden space 66560K, 0% used [0x00000000d5900000,0x00000000d5900000,0x00000000d9a00000)
  from space 5120K, 0% used [0x00000000d9a00000,0x00000000d9a00000,0x00000000d9f00000)
  to   space 8704K, 0% used [0x00000000de380000,0x00000000de380000,0x00000000dec00000)
 ParOldGen       total 55808K, used 6181K [0x0000000080a00000, 0x0000000084080000, 0x00000000d5900000)
  object space 55808K, 11% used [0x0000000080a00000,0x0000000081009480,0x0000000084080000)
 Metaspace       used 19581K, capacity 21226K, committed 21296K, reserved 1067008K
  class space    used 2570K, capacity 2897K, committed 2944K, reserved 1048576K
}
Event: 2.594 GC heap before
{Heap before GC invocations=7 (full 1):
 PSYoungGen      total 71680K, used 66560K [0x00000000d5900000, 0x00000000dec00000, 0x0000000100000000)
  eden space 66560K, 100% used [0x00000000d5900000,0x00000000d9a00000,0x00000000d9a00000)
  from space 5120K, 0% used [0x00000000d9a00000,0x00000000d9a00000,0x00000000d9f00000)
  to   space 8704K, 0% used [0x00000000de380000,0x00000000de380000,0x00000000dec00000)
 ParOldGen       total 55808K, used 6181K [0x0000000080a00000, 0x0000000084080000, 0x00000000d5900000)
  object space 55808K, 11% used [0x0000000080a00000,0x0000000081009480,0x0000000084080000)
 Metaspace       used 23900K, capacity 25968K, committed 26240K, reserved 1071104K
  class space    used 3277K, capacity 3648K, committed 3712K, reserved 1048576K
Event: 2.599 GC heap after
Heap after GC invocations=7 (full 1):
 PSYoungGen      total 112128K, used 5825K [0x00000000d5900000, 0x00000000de980000, 0x0000000100000000)
  eden space 105984K, 0% used [0x00000000d5900000,0x00000000d5900000,0x00000000dc080000)
  from space 6144K, 94% used [0x00000000de380000,0x00000000de930758,0x00000000de980000)
  to   space 8704K, 0% used [0x00000000dd880000,0x00000000dd880000,0x00000000de100000)
 ParOldGen       total 55808K, used 6189K [0x0000000080a00000, 0x0000000084080000, 0x00000000d5900000)
  object space 55808K, 11% used [0x0000000080a00000,0x000000008100b480,0x0000000084080000)
 Metaspace       used 23900K, capacity 25968K, committed 26240K, reserved 1071104K
  class space    used 3277K, capacity 3648K, committed 3712K, reserved 1048576K
}
Event: 7.499 GC heap before
{Heap before GC invocations=8 (full 1):
 PSYoungGen      total 112128K, used 111809K [0x00000000d5900000, 0x00000000de980000, 0x0000000100000000)
  eden space 105984K, 100% used [0x00000000d5900000,0x00000000dc080000,0x00000000dc080000)
  from space 6144K, 94% used [0x00000000de380000,0x00000000de930758,0x00000000de980000)
  to   space 8704K, 0% used [0x00000000dd880000,0x00000000dd880000,0x00000000de100000)
 ParOldGen       total 55808K, used 6189K [0x0000000080a00000, 0x0000000084080000, 0x00000000d5900000)
  object space 55808K, 11% used [0x0000000080a00000,0x000000008100b480,0x0000000084080000)
 Metaspace       used 29071K, capacity 31328K, committed 31488K, reserved 1077248K
  class space    used 3869K, capacity 4262K, committed 4352K, reserved 1048576K
Event: 7.505 GC heap after
Heap after GC invocations=8 (full 1):
 PSYoungGen      total 139264K, used 8365K [0x00000000d5900000, 0x00000000e0900000, 0x0000000100000000)
  eden space 130560K, 0% used [0x00000000d5900000,0x00000000d5900000,0x00000000dd880000)
  from space 8704K, 96% used [0x00000000dd880000,0x00000000de0ab468,0x00000000de100000)
  to   space 9216K, 0% used [0x00000000e0000000,0x00000000e0000000,0x00000000e0900000)
 ParOldGen       total 55808K, used 6197K [0x0000000080a00000, 0x0000000084080000, 0x00000000d5900000)
  object space 55808K, 11% used [0x0000000080a00000,0x000000008100d480,0x0000000084080000)
 Metaspace       used 29071K, capacity 31328K, committed 31488K, reserved 1077248K
  class space    used 3869K, capacity 4262K, committed 4352K, reserved 1048576K
}

